app/build/intermediates/manifest_merge_blame_file/release/processReleaseMainManifest/manifest-merger-blame-release-report.txt
1<?xml version="1.0" encoding="utf-8"?>
2<manifest xmlns:android="http://schemas.android.com/apk/res/android"
3    package="com.example.pokexcell"
4    android:versionCode="1"
5    android:versionName="1.0" >
6
7    <uses-sdk
8        android:minSdkVersion="28"
9        android:targetSdkVersion="35" />
10
11    <uses-feature
11-->src\main\AndroidManifest.xml:6:5-8:35
12        android:name="android.hardware.camera"
12-->src\main\AndroidManifest.xml:7:9-47
13        android:required="true" />
13-->src\main\AndroidManifest.xml:8:9-32
14
15    <uses-permission android:name="android.permission.CAMERA" />
15-->src\main\AndroidManifest.xml:10:5-65
15-->src\main\AndroidManifest.xml:10:22-62
16    <uses-permission android:name="android.permission.INTERNET" />
16-->src\main\AndroidManifest.xml:11:5-67
16-->src\main\AndroidManifest.xml:11:22-64
17    <uses-permission
17-->src\main\AndroidManifest.xml:12:5-13:37
18        android:name="android.permission.WRITE_EXTERNAL_STORAGE"
18-->src\main\AndroidManifest.xml:12:22-78
19        android:maxSdkVersion="28" />
19-->src\main\AndroidManifest.xml:13:9-35
20    <uses-permission android:name="android.permission.ACCESS_NETWORK_STATE" />
20-->[com.google.firebase:firebase-auth:23.2.0] AndroidManifest.xml:26:5-79
20-->[com.google.firebase:firebase-auth:23.2.0] AndroidManifest.xml:26:22-76
21
22    <queries>
22-->[androidx.camera:camera-extensions:1.4.2] AndroidManifest.xml:22:5-26:15
23        <intent>
23-->[androidx.camera:camera-extensions:1.4.2] AndroidManifest.xml:23:9-25:18
24            <action android:name="androidx.camera.extensions.action.VENDOR_ACTION" />
24-->[androidx.camera:camera-extensions:1.4.2] AndroidManifest.xml:24:13-86
24-->[androidx.camera:camera-extensions:1.4.2] AndroidManifest.xml:24:21-83
25        </intent>
26    </queries>
27
28    <uses-permission android:name="com.google.android.providers.gsf.permission.READ_GSERVICES" />
28-->[com.google.android.recaptcha:recaptcha:18.6.1] AndroidManifest.xml:9:5-98
28-->[com.google.android.recaptcha:recaptcha:18.6.1] AndroidManifest.xml:9:22-95
29
30    <permission
30-->[androidx.core:core:1.16.0] AndroidManifest.xml:22:5-24:47
31        android:name="com.example.pokexcell.DYNAMIC_RECEIVER_NOT_EXPORTED_PERMISSION"
31-->[androidx.core:core:1.16.0] AndroidManifest.xml:23:9-81
32        android:protectionLevel="signature" />
32-->[androidx.core:core:1.16.0] AndroidManifest.xml:24:9-44
33
34    <uses-permission android:name="com.example.pokexcell.DYNAMIC_RECEIVER_NOT_EXPORTED_PERMISSION" />
34-->[androidx.core:core:1.16.0] AndroidManifest.xml:26:5-97
34-->[androidx.core:core:1.16.0] AndroidManifest.xml:26:22-94
35
36    <application
36-->src\main\AndroidManifest.xml:14:5-91:19
37        android:allowBackup="true"
37-->src\main\AndroidManifest.xml:15:9-35
38        android:appComponentFactory="androidx.core.app.CoreComponentFactory"
38-->[androidx.core:core:1.16.0] AndroidManifest.xml:28:18-86
39        android:dataExtractionRules="@xml/data_extraction_rules"
39-->src\main\AndroidManifest.xml:16:9-65
40        android:extractNativeLibs="false"
41        android:fullBackupContent="@xml/backup_rules"
41-->src\main\AndroidManifest.xml:17:9-54
42        android:icon="@mipmap/icono"
42-->src\main\AndroidManifest.xml:18:9-37
43        android:label="@string/app_name"
43-->src\main\AndroidManifest.xml:19:9-41
44        android:roundIcon="@mipmap/icono"
44-->src\main\AndroidManifest.xml:20:9-42
45        android:supportsRtl="true"
45-->src\main\AndroidManifest.xml:21:9-35
46        android:testOnly="true"
47        android:theme="@style/Theme.Pokexcell" >
47-->src\main\AndroidManifest.xml:22:9-47
48
49        <!-- Actividad de inicio de sesión (pantalla principal) -->
50        <activity
50-->src\main\AndroidManifest.xml:26:9-30:20
51            android:name="com.example.pokexcell.ui.iniciosesion.ActividadInicioSesion"
51-->src\main\AndroidManifest.xml:27:13-66
52            android:exported="true"
52-->src\main\AndroidManifest.xml:28:13-36
53            android:theme="@style/Theme.Pokexcell" >
53-->src\main\AndroidManifest.xml:29:13-51
54        </activity>
55
56        <!-- Registro -->
57        <activity
57-->src\main\AndroidManifest.xml:33:9-37:54
58            android:name="com.example.pokexcell.ui.registro.ActividadRegistro"
58-->src\main\AndroidManifest.xml:34:13-58
59            android:exported="false"
59-->src\main\AndroidManifest.xml:35:13-37
60            android:label="Registro"
60-->src\main\AndroidManifest.xml:36:13-37
61            android:theme="@style/Theme.Pokexcell" />
61-->src\main\AndroidManifest.xml:37:13-51
62
63        <!-- MainActivity (puede usarse luego) -->
64        <activity
64-->src\main\AndroidManifest.xml:40:9-44:54
65            android:name="com.example.pokexcell.MainActivity"
65-->src\main\AndroidManifest.xml:41:13-41
66            android:exported="false"
66-->src\main\AndroidManifest.xml:42:13-37
67            android:label="@string/app_name"
67-->src\main\AndroidManifest.xml:43:13-45
68            android:theme="@style/Theme.Pokexcell" />
68-->src\main\AndroidManifest.xml:44:13-51
69
70        <!-- Actividad del menú principal -->
71        <activity
71-->src\main\AndroidManifest.xml:47:9-51:54
72            android:name="com.example.pokexcell.ui.menu.ActividadPrincipalMenu"
72-->src\main\AndroidManifest.xml:48:13-59
73            android:exported="true"
73-->src\main\AndroidManifest.xml:49:13-36
74            android:label="Menú Principal"
74-->src\main\AndroidManifest.xml:50:13-43
75            android:theme="@style/Theme.Pokexcell" />
75-->src\main\AndroidManifest.xml:51:13-51
76        <!-- Crear Colección -->
77        <activity
77-->src\main\AndroidManifest.xml:53:9-57:54
78            android:name="com.example.pokexcell.ui.colecciones.CrearColeccionActivity"
78-->src\main\AndroidManifest.xml:54:13-66
79            android:exported="false"
79-->src\main\AndroidManifest.xml:55:13-37
80            android:label="Crear Colección"
80-->src\main\AndroidManifest.xml:56:13-44
81            android:theme="@style/Theme.Pokexcell" />
81-->src\main\AndroidManifest.xml:57:13-51
82        <activity
82-->src\main\AndroidManifest.xml:58:9-62:54
83            android:name="com.example.pokexcell.ui.crearlista.ActividadCrearListaDentroDeColeccion"
83-->src\main\AndroidManifest.xml:59:13-79
84            android:exported="false"
84-->src\main\AndroidManifest.xml:60:13-37
85            android:label="Agregar cartas a lista"
85-->src\main\AndroidManifest.xml:61:13-51
86            android:theme="@style/Theme.Pokexcell" />
86-->src\main\AndroidManifest.xml:62:13-51
87        <activity
87-->src\main\AndroidManifest.xml:63:9-67:54
88            android:name="com.example.pokexcell.ui.consultar.ActividadConsultarListas"
88-->src\main\AndroidManifest.xml:64:13-66
89            android:exported="false"
89-->src\main\AndroidManifest.xml:65:13-37
90            android:label="Consultar Colecciones"
90-->src\main\AndroidManifest.xml:66:13-50
91            android:theme="@style/Theme.Pokexcell" />
91-->src\main\AndroidManifest.xml:67:13-51
92        <activity
92-->src\main\AndroidManifest.xml:68:9-72:54
93            android:name="com.example.pokexcell.ui.consultar.ActividadConsultarCartasEnListas"
93-->src\main\AndroidManifest.xml:69:13-74
94            android:exported="false"
94-->src\main\AndroidManifest.xml:70:13-37
95            android:label="Cartas en lista"
95-->src\main\AndroidManifest.xml:71:13-44
96            android:theme="@style/Theme.Pokexcell" />
96-->src\main\AndroidManifest.xml:72:13-51
97        <activity
97-->src\main\AndroidManifest.xml:73:9-77:54
98            android:name="com.example.pokexcell.ui.cuenta.MiCuentaActivity"
98-->src\main\AndroidManifest.xml:74:13-55
99            android:exported="false"
99-->src\main\AndroidManifest.xml:75:13-37
100            android:label="Mi cuenta"
100-->src\main\AndroidManifest.xml:76:13-38
101            android:theme="@style/Theme.Pokexcell" />
101-->src\main\AndroidManifest.xml:77:13-51
102        <activity
102-->src\main\AndroidManifest.xml:78:9-85:20
103            android:name="com.example.pokexcell.ui.animacion.AnimacionInicial"
103-->src\main\AndroidManifest.xml:79:13-58
104            android:exported="true" >
104-->src\main\AndroidManifest.xml:80:13-36
105            <intent-filter>
105-->src\main\AndroidManifest.xml:81:13-84:29
106                <action android:name="android.intent.action.MAIN" />
106-->src\main\AndroidManifest.xml:82:17-69
106-->src\main\AndroidManifest.xml:82:25-66
107
108                <category android:name="android.intent.category.LAUNCHER" />
108-->src\main\AndroidManifest.xml:83:17-77
108-->src\main\AndroidManifest.xml:83:27-74
109            </intent-filter>
110        </activity>
111        <activity
111-->src\main\AndroidManifest.xml:86:9-90:54
112            android:name="com.example.pokexcell.ui.escaneo.EscanearCartaActivity"
112-->src\main\AndroidManifest.xml:87:13-61
113            android:exported="false"
113-->src\main\AndroidManifest.xml:88:13-37
114            android:label="Escanear Carta"
114-->src\main\AndroidManifest.xml:89:13-43
115            android:theme="@style/Theme.Pokexcell" />
115-->src\main\AndroidManifest.xml:90:13-51
116        <activity
116-->[com.google.firebase:firebase-auth:23.2.0] AndroidManifest.xml:29:9-46:20
117            android:name="com.google.firebase.auth.internal.GenericIdpActivity"
117-->[com.google.firebase:firebase-auth:23.2.0] AndroidManifest.xml:30:13-80
118            android:excludeFromRecents="true"
118-->[com.google.firebase:firebase-auth:23.2.0] AndroidManifest.xml:31:13-46
119            android:exported="true"
119-->[com.google.firebase:firebase-auth:23.2.0] AndroidManifest.xml:32:13-36
120            android:launchMode="singleTask"
120-->[com.google.firebase:firebase-auth:23.2.0] AndroidManifest.xml:33:13-44
121            android:theme="@android:style/Theme.Translucent.NoTitleBar" >
121-->[com.google.firebase:firebase-auth:23.2.0] AndroidManifest.xml:34:13-72
122            <intent-filter>
122-->[com.google.firebase:firebase-auth:23.2.0] AndroidManifest.xml:35:13-45:29
123                <action android:name="android.intent.action.VIEW" />
123-->[com.google.firebase:firebase-auth:23.2.0] AndroidManifest.xml:36:17-69
123-->[com.google.firebase:firebase-auth:23.2.0] AndroidManifest.xml:36:25-66
124
125                <category android:name="android.intent.category.DEFAULT" />
125-->[com.google.firebase:firebase-auth:23.2.0] AndroidManifest.xml:38:17-76
125-->[com.google.firebase:firebase-auth:23.2.0] AndroidManifest.xml:38:27-73
126                <category android:name="android.intent.category.BROWSABLE" />
126-->[com.google.firebase:firebase-auth:23.2.0] AndroidManifest.xml:39:17-78
126-->[com.google.firebase:firebase-auth:23.2.0] AndroidManifest.xml:39:27-75
127
128                <data
128-->[com.google.firebase:firebase-auth:23.2.0] AndroidManifest.xml:41:17-44:51
129                    android:host="firebase.auth"
129-->[com.google.firebase:firebase-auth:23.2.0] AndroidManifest.xml:42:21-49
130                    android:path="/"
130-->[com.google.firebase:firebase-auth:23.2.0] AndroidManifest.xml:43:21-37
131                    android:scheme="genericidp" />
131-->[com.google.firebase:firebase-auth:23.2.0] AndroidManifest.xml:44:21-48
132            </intent-filter>
133        </activity>
134        <activity
134-->[com.google.firebase:firebase-auth:23.2.0] AndroidManifest.xml:47:9-64:20
135            android:name="com.google.firebase.auth.internal.RecaptchaActivity"
135-->[com.google.firebase:firebase-auth:23.2.0] AndroidManifest.xml:48:13-79
136            android:excludeFromRecents="true"
136-->[com.google.firebase:firebase-auth:23.2.0] AndroidManifest.xml:49:13-46
137            android:exported="true"
137-->[com.google.firebase:firebase-auth:23.2.0] AndroidManifest.xml:50:13-36
138            android:launchMode="singleTask"
138-->[com.google.firebase:firebase-auth:23.2.0] AndroidManifest.xml:51:13-44
139            android:theme="@android:style/Theme.Translucent.NoTitleBar" >
139-->[com.google.firebase:firebase-auth:23.2.0] AndroidManifest.xml:52:13-72
140            <intent-filter>
140-->[com.google.firebase:firebase-auth:23.2.0] AndroidManifest.xml:53:13-63:29
141                <action android:name="android.intent.action.VIEW" />
141-->[com.google.firebase:firebase-auth:23.2.0] AndroidManifest.xml:36:17-69
141-->[com.google.firebase:firebase-auth:23.2.0] AndroidManifest.xml:36:25-66
142
143                <category android:name="android.intent.category.DEFAULT" />
143-->[com.google.firebase:firebase-auth:23.2.0] AndroidManifest.xml:38:17-76
143-->[com.google.firebase:firebase-auth:23.2.0] AndroidManifest.xml:38:27-73
144                <category android:name="android.intent.category.BROWSABLE" />
144-->[com.google.firebase:firebase-auth:23.2.0] AndroidManifest.xml:39:17-78
144-->[com.google.firebase:firebase-auth:23.2.0] AndroidManifest.xml:39:27-75
145
146                <data
146-->[com.google.firebase:firebase-auth:23.2.0] AndroidManifest.xml:41:17-44:51
147                    android:host="firebase.auth"
147-->[com.google.firebase:firebase-auth:23.2.0] AndroidManifest.xml:42:21-49
148                    android:path="/"
148-->[com.google.firebase:firebase-auth:23.2.0] AndroidManifest.xml:43:21-37
149                    android:scheme="recaptcha" />
149-->[com.google.firebase:firebase-auth:23.2.0] AndroidManifest.xml:44:21-48
150            </intent-filter>
151        </activity>
152
153        <service
153-->[com.google.firebase:firebase-auth:23.2.0] AndroidManifest.xml:66:9-72:19
154            android:name="com.google.firebase.components.ComponentDiscoveryService"
154-->[com.google.firebase:firebase-auth:23.2.0] AndroidManifest.xml:67:13-84
155            android:directBootAware="true"
155-->[com.google.firebase:firebase-common:21.0.0] AndroidManifest.xml:32:13-43
156            android:exported="false" >
156-->[com.google.firebase:firebase-auth:23.2.0] AndroidManifest.xml:68:13-37
157            <meta-data
157-->[com.google.firebase:firebase-auth:23.2.0] AndroidManifest.xml:69:13-71:85
158                android:name="com.google.firebase.components:com.google.firebase.auth.FirebaseAuthRegistrar"
158-->[com.google.firebase:firebase-auth:23.2.0] AndroidManifest.xml:70:17-109
159                android:value="com.google.firebase.components.ComponentRegistrar" />
159-->[com.google.firebase:firebase-auth:23.2.0] AndroidManifest.xml:71:17-82
160            <meta-data
160-->[com.google.firebase:firebase-firestore:25.1.3] AndroidManifest.xml:17:13-19:85
161                android:name="com.google.firebase.components:com.google.firebase.firestore.FirebaseFirestoreKtxRegistrar"
161-->[com.google.firebase:firebase-firestore:25.1.3] AndroidManifest.xml:18:17-122
162                android:value="com.google.firebase.components.ComponentRegistrar" />
162-->[com.google.firebase:firebase-firestore:25.1.3] AndroidManifest.xml:19:17-82
163            <meta-data
163-->[com.google.firebase:firebase-firestore:25.1.3] AndroidManifest.xml:20:13-22:85
164                android:name="com.google.firebase.components:com.google.firebase.firestore.FirestoreRegistrar"
164-->[com.google.firebase:firebase-firestore:25.1.3] AndroidManifest.xml:21:17-111
165                android:value="com.google.firebase.components.ComponentRegistrar" />
165-->[com.google.firebase:firebase-firestore:25.1.3] AndroidManifest.xml:22:17-82
166            <meta-data
166-->[com.google.firebase:firebase-common-ktx:21.0.0] AndroidManifest.xml:12:13-14:85
167                android:name="com.google.firebase.components:com.google.firebase.ktx.FirebaseCommonLegacyRegistrar"
167-->[com.google.firebase:firebase-common-ktx:21.0.0] AndroidManifest.xml:13:17-116
168                android:value="com.google.firebase.components.ComponentRegistrar" />
168-->[com.google.firebase:firebase-common-ktx:21.0.0] AndroidManifest.xml:14:17-82
169            <meta-data
169-->[com.google.firebase:firebase-common:21.0.0] AndroidManifest.xml:35:13-37:85
170                android:name="com.google.firebase.components:com.google.firebase.FirebaseCommonKtxRegistrar"
170-->[com.google.firebase:firebase-common:21.0.0] AndroidManifest.xml:36:17-109
171                android:value="com.google.firebase.components.ComponentRegistrar" />
171-->[com.google.firebase:firebase-common:21.0.0] AndroidManifest.xml:37:17-82
172        </service>
173
174        <uses-library
174-->[androidx.camera:camera-extensions:1.4.2] AndroidManifest.xml:29:9-31:40
175            android:name="androidx.camera.extensions.impl"
175-->[androidx.camera:camera-extensions:1.4.2] AndroidManifest.xml:30:13-59
176            android:required="false" />
176-->[androidx.camera:camera-extensions:1.4.2] AndroidManifest.xml:31:13-37
177
178        <service
178-->[androidx.camera:camera-camera2:1.4.2] AndroidManifest.xml:24:9-33:19
179            android:name="androidx.camera.core.impl.MetadataHolderService"
179-->[androidx.camera:camera-camera2:1.4.2] AndroidManifest.xml:25:13-75
180            android:enabled="false"
180-->[androidx.camera:camera-camera2:1.4.2] AndroidManifest.xml:26:13-36
181            android:exported="false" >
181-->[androidx.camera:camera-camera2:1.4.2] AndroidManifest.xml:27:13-37
182            <meta-data
182-->[androidx.camera:camera-camera2:1.4.2] AndroidManifest.xml:30:13-32:89
183                android:name="androidx.camera.core.impl.MetadataHolderService.DEFAULT_CONFIG_PROVIDER"
183-->[androidx.camera:camera-camera2:1.4.2] AndroidManifest.xml:31:17-103
184                android:value="androidx.camera.camera2.Camera2Config$DefaultProvider" />
184-->[androidx.camera:camera-camera2:1.4.2] AndroidManifest.xml:32:17-86
185        </service>
186        <service
186-->[com.google.android.gms:play-services-mlkit-text-recognition-common:19.1.0] AndroidManifest.xml:9:9-15:19
187            android:name="com.google.mlkit.common.internal.MlKitComponentDiscoveryService"
187-->[com.google.android.gms:play-services-mlkit-text-recognition-common:19.1.0] AndroidManifest.xml:10:13-91
188            android:directBootAware="true"
188-->[com.google.mlkit:common:18.11.0] AndroidManifest.xml:17:13-43
189            android:exported="false" >
189-->[com.google.android.gms:play-services-mlkit-text-recognition-common:19.1.0] AndroidManifest.xml:11:13-37
190            <meta-data
190-->[com.google.android.gms:play-services-mlkit-text-recognition-common:19.1.0] AndroidManifest.xml:12:13-14:85
191                android:name="com.google.firebase.components:com.google.mlkit.vision.text.internal.TextRegistrar"
191-->[com.google.android.gms:play-services-mlkit-text-recognition-common:19.1.0] AndroidManifest.xml:13:17-114
192                android:value="com.google.firebase.components.ComponentRegistrar" />
192-->[com.google.android.gms:play-services-mlkit-text-recognition-common:19.1.0] AndroidManifest.xml:14:17-82
193            <meta-data
193-->[com.google.mlkit:vision-common:17.3.0] AndroidManifest.xml:12:13-14:85
194                android:name="com.google.firebase.components:com.google.mlkit.vision.common.internal.VisionCommonRegistrar"
194-->[com.google.mlkit:vision-common:17.3.0] AndroidManifest.xml:13:17-124
195                android:value="com.google.firebase.components.ComponentRegistrar" />
195-->[com.google.mlkit:vision-common:17.3.0] AndroidManifest.xml:14:17-82
196            <meta-data
196-->[com.google.mlkit:common:18.11.0] AndroidManifest.xml:20:13-22:85
197                android:name="com.google.firebase.components:com.google.mlkit.common.internal.CommonComponentRegistrar"
197-->[com.google.mlkit:common:18.11.0] AndroidManifest.xml:21:17-120
198                android:value="com.google.firebase.components.ComponentRegistrar" />
198-->[com.google.mlkit:common:18.11.0] AndroidManifest.xml:22:17-82
199        </service>
200
201        <provider
201-->[com.google.mlkit:common:18.11.0] AndroidManifest.xml:9:9-13:38
202            android:name="com.google.mlkit.common.internal.MlKitInitProvider"
202-->[com.google.mlkit:common:18.11.0] AndroidManifest.xml:10:13-78
203            android:authorities="com.example.pokexcell.mlkitinitprovider"
203-->[com.google.mlkit:common:18.11.0] AndroidManifest.xml:11:13-69
204            android:exported="false"
204-->[com.google.mlkit:common:18.11.0] AndroidManifest.xml:12:13-37
205            android:initOrder="99" />
205-->[com.google.mlkit:common:18.11.0] AndroidManifest.xml:13:13-35
206
207        <service
207-->[androidx.credentials:credentials-play-services-auth:1.2.0-rc01] AndroidManifest.xml:24:9-32:19
208            android:name="androidx.credentials.playservices.CredentialProviderMetadataHolder"
208-->[androidx.credentials:credentials-play-services-auth:1.2.0-rc01] AndroidManifest.xml:25:13-94
209            android:enabled="true"
209-->[androidx.credentials:credentials-play-services-auth:1.2.0-rc01] AndroidManifest.xml:26:13-35
210            android:exported="false" >
210-->[androidx.credentials:credentials-play-services-auth:1.2.0-rc01] AndroidManifest.xml:27:13-37
211            <meta-data
211-->[androidx.credentials:credentials-play-services-auth:1.2.0-rc01] AndroidManifest.xml:29:13-31:104
212                android:name="androidx.credentials.CREDENTIAL_PROVIDER_KEY"
212-->[androidx.credentials:credentials-play-services-auth:1.2.0-rc01] AndroidManifest.xml:30:17-76
213                android:value="androidx.credentials.playservices.CredentialProviderPlayServicesImpl" />
213-->[androidx.credentials:credentials-play-services-auth:1.2.0-rc01] AndroidManifest.xml:31:17-101
214        </service>
215
216        <activity
216-->[androidx.credentials:credentials-play-services-auth:1.2.0-rc01] AndroidManifest.xml:34:9-41:20
217            android:name="androidx.credentials.playservices.HiddenActivity"
217-->[androidx.credentials:credentials-play-services-auth:1.2.0-rc01] AndroidManifest.xml:35:13-76
218            android:configChanges="orientation|screenSize|screenLayout|keyboardHidden"
218-->[androidx.credentials:credentials-play-services-auth:1.2.0-rc01] AndroidManifest.xml:36:13-87
219            android:enabled="true"
219-->[androidx.credentials:credentials-play-services-auth:1.2.0-rc01] AndroidManifest.xml:37:13-35
220            android:exported="false"
220-->[androidx.credentials:credentials-play-services-auth:1.2.0-rc01] AndroidManifest.xml:38:13-37
221            android:fitsSystemWindows="true"
221-->[androidx.credentials:credentials-play-services-auth:1.2.0-rc01] AndroidManifest.xml:39:13-45
222            android:theme="@style/Theme.Hidden" >
222-->[androidx.credentials:credentials-play-services-auth:1.2.0-rc01] AndroidManifest.xml:40:13-48
223        </activity>
224        <activity
224-->[com.google.android.gms:play-services-auth:21.3.0] AndroidManifest.xml:23:9-27:75
225            android:name="com.google.android.gms.auth.api.signin.internal.SignInHubActivity"
225-->[com.google.android.gms:play-services-auth:21.3.0] AndroidManifest.xml:24:13-93
226            android:excludeFromRecents="true"
226-->[com.google.android.gms:play-services-auth:21.3.0] AndroidManifest.xml:25:13-46
227            android:exported="false"
227-->[com.google.android.gms:play-services-auth:21.3.0] AndroidManifest.xml:26:13-37
228            android:theme="@android:style/Theme.Translucent.NoTitleBar" />
228-->[com.google.android.gms:play-services-auth:21.3.0] AndroidManifest.xml:27:13-72
229        <!--
230            Service handling Google Sign-In user revocation. For apps that do not integrate with
231            Google Sign-In, this service will never be started.
232        -->
233        <service
233-->[com.google.android.gms:play-services-auth:21.3.0] AndroidManifest.xml:33:9-37:51
234            android:name="com.google.android.gms.auth.api.signin.RevocationBoundService"
234-->[com.google.android.gms:play-services-auth:21.3.0] AndroidManifest.xml:34:13-89
235            android:exported="true"
235-->[com.google.android.gms:play-services-auth:21.3.0] AndroidManifest.xml:35:13-36
236            android:permission="com.google.android.gms.auth.api.signin.permission.REVOCATION_NOTIFICATION"
236-->[com.google.android.gms:play-services-auth:21.3.0] AndroidManifest.xml:36:13-107
237            android:visibleToInstantApps="true" />
237-->[com.google.android.gms:play-services-auth:21.3.0] AndroidManifest.xml:37:13-48
238
239        <provider
239-->[com.google.firebase:firebase-common:21.0.0] AndroidManifest.xml:23:9-28:39
240            android:name="com.google.firebase.provider.FirebaseInitProvider"
240-->[com.google.firebase:firebase-common:21.0.0] AndroidManifest.xml:24:13-77
241            android:authorities="com.example.pokexcell.firebaseinitprovider"
241-->[com.google.firebase:firebase-common:21.0.0] AndroidManifest.xml:25:13-72
242            android:directBootAware="true"
242-->[com.google.firebase:firebase-common:21.0.0] AndroidManifest.xml:26:13-43
243            android:exported="false"
243-->[com.google.firebase:firebase-common:21.0.0] AndroidManifest.xml:27:13-37
244            android:initOrder="100" />
244-->[com.google.firebase:firebase-common:21.0.0] AndroidManifest.xml:28:13-36
245
246        <activity
246-->[com.google.android.gms:play-services-base:18.5.0] AndroidManifest.xml:5:9-173
247            android:name="com.google.android.gms.common.api.GoogleApiActivity"
247-->[com.google.android.gms:play-services-base:18.5.0] AndroidManifest.xml:5:19-85
248            android:exported="false"
248-->[com.google.android.gms:play-services-base:18.5.0] AndroidManifest.xml:5:146-170
249            android:theme="@android:style/Theme.Translucent.NoTitleBar" />
249-->[com.google.android.gms:play-services-base:18.5.0] AndroidManifest.xml:5:86-145
250
251        <provider
251-->[androidx.emoji2:emoji2:1.3.0] AndroidManifest.xml:24:9-32:20
252            android:name="androidx.startup.InitializationProvider"
252-->[androidx.emoji2:emoji2:1.3.0] AndroidManifest.xml:25:13-67
253            android:authorities="com.example.pokexcell.androidx-startup"
253-->[androidx.emoji2:emoji2:1.3.0] AndroidManifest.xml:26:13-68
254            android:exported="false" >
254-->[androidx.emoji2:emoji2:1.3.0] AndroidManifest.xml:27:13-37
255            <meta-data
255-->[androidx.emoji2:emoji2:1.3.0] AndroidManifest.xml:29:13-31:52
256                android:name="androidx.emoji2.text.EmojiCompatInitializer"
256-->[androidx.emoji2:emoji2:1.3.0] AndroidManifest.xml:30:17-75
257                android:value="androidx.startup" />
257-->[androidx.emoji2:emoji2:1.3.0] AndroidManifest.xml:31:17-49
258            <meta-data
258-->[androidx.lifecycle:lifecycle-process:2.8.7] AndroidManifest.xml:29:13-31:52
259                android:name="androidx.lifecycle.ProcessLifecycleInitializer"
259-->[androidx.lifecycle:lifecycle-process:2.8.7] AndroidManifest.xml:30:17-78
260                android:value="androidx.startup" />
260-->[androidx.lifecycle:lifecycle-process:2.8.7] AndroidManifest.xml:31:17-49
261            <meta-data
261-->[androidx.profileinstaller:profileinstaller:1.4.0] AndroidManifest.xml:29:13-31:52
262                android:name="androidx.profileinstaller.ProfileInstallerInitializer"
262-->[androidx.profileinstaller:profileinstaller:1.4.0] AndroidManifest.xml:30:17-85
263                android:value="androidx.startup" />
263-->[androidx.profileinstaller:profileinstaller:1.4.0] AndroidManifest.xml:31:17-49
264        </provider>
265
266        <meta-data
266-->[com.google.android.gms:play-services-basement:18.4.0] AndroidManifest.xml:6:9-122
267            android:name="com.google.android.gms.version"
267-->[com.google.android.gms:play-services-basement:18.4.0] AndroidManifest.xml:6:20-65
268            android:value="@integer/google_play_services_version" />
268-->[com.google.android.gms:play-services-basement:18.4.0] AndroidManifest.xml:6:66-119
269
270        <receiver
270-->[androidx.profileinstaller:profileinstaller:1.4.0] AndroidManifest.xml:34:9-52:20
271            android:name="androidx.profileinstaller.ProfileInstallReceiver"
271-->[androidx.profileinstaller:profileinstaller:1.4.0] AndroidManifest.xml:35:13-76
272            android:directBootAware="false"
272-->[androidx.profileinstaller:profileinstaller:1.4.0] AndroidManifest.xml:36:13-44
273            android:enabled="true"
273-->[androidx.profileinstaller:profileinstaller:1.4.0] AndroidManifest.xml:37:13-35
274            android:exported="true"
274-->[androidx.profileinstaller:profileinstaller:1.4.0] AndroidManifest.xml:38:13-36
275            android:permission="android.permission.DUMP" >
275-->[androidx.profileinstaller:profileinstaller:1.4.0] AndroidManifest.xml:39:13-57
276            <intent-filter>
276-->[androidx.profileinstaller:profileinstaller:1.4.0] AndroidManifest.xml:40:13-42:29
277                <action android:name="androidx.profileinstaller.action.INSTALL_PROFILE" />
277-->[androidx.profileinstaller:profileinstaller:1.4.0] AndroidManifest.xml:41:17-91
277-->[androidx.profileinstaller:profileinstaller:1.4.0] AndroidManifest.xml:41:25-88
278            </intent-filter>
279            <intent-filter>
279-->[androidx.profileinstaller:profileinstaller:1.4.0] AndroidManifest.xml:43:13-45:29
280                <action android:name="androidx.profileinstaller.action.SKIP_FILE" />
280-->[androidx.profileinstaller:profileinstaller:1.4.0] AndroidManifest.xml:44:17-85
280-->[androidx.profileinstaller:profileinstaller:1.4.0] AndroidManifest.xml:44:25-82
281            </intent-filter>
282            <intent-filter>
282-->[androidx.profileinstaller:profileinstaller:1.4.0] AndroidManifest.xml:46:13-48:29
283                <action android:name="androidx.profileinstaller.action.SAVE_PROFILE" />
283-->[androidx.profileinstaller:profileinstaller:1.4.0] AndroidManifest.xml:47:17-88
283-->[androidx.profileinstaller:profileinstaller:1.4.0] AndroidManifest.xml:47:25-85
284            </intent-filter>
285            <intent-filter>